<?xml version="1.0" encoding="UTF-8"?>
<!-- Generated by org.testng.reporters.JUnitXMLReporter -->
<testsuite ignored="1" hostname="Smtc-R-0208" failures="0" tests="1" name="Default test" time="1.972" errors="0" timestamp="2023-05-07T22:55:03 IST">
  <testcase classname="testMembersAPI.Test_04_getAndPostExample" name="testAddMembersIntoAPI" time="1.915"/>
  <testcase classname="testMembersAPI.Test_04_getAndPostExample" name="testGetAllMembers" time="0.0">
    <ignored/>
  </testcase> <!-- testGetAllMembers -->
</testsuite> <!-- Default test -->
