<?xml version="1.0" encoding="UTF-8"?>
<testng-results ignored="1" total="2" passed="1" failed="0" skipped="0">
  <reporter-output>
  </reporter-output>
  <suite started-at="2023-05-07T22:55:01 IST" name="Default suite" finished-at="2023-05-07T22:55:03 IST" duration-ms="1972">
    <groups>
    </groups>
    <test started-at="2023-05-07T22:55:01 IST" name="Default test" finished-at="2023-05-07T22:55:03 IST" duration-ms="1972">
      <class name="testMembersAPI.Test_04_getAndPostExample">
        <test-method signature="testAddMembersIntoAPI()[pri:0, instance:testMembersAPI.Test_04_getAndPostExample@3246fb96]" started-at="2023-05-07T22:55:01 IST" name="testAddMembersIntoAPI" finished-at="2023-05-07T22:55:02 IST" duration-ms="1915" status="PASS">
          <reporter-output>
          </reporter-output>
        </test-method> <!-- testAddMembersIntoAPI -->
      </class> <!-- testMembersAPI.Test_04_getAndPostExample -->
    </test> <!-- Default test -->
  </suite> <!-- Default suite -->
</testng-results>
